<?xml version="1.0" encoding="UTF-8"?>
<testsuite name="testing.appium.eConsentTesting.Web.sign_In.Sign_In" tests="14" skipped="0" failures="4" errors="0" timestamp="2022-12-23T06:26:14" hostname="Miles-MacBook-Pro.local" time="269.325">
  <properties/>
  <testcase name="participant_Auth_Mobile_Sign_in_with_incorrect_email[0](incorrect, incorrect)" classname="testing.appium.eConsentTesting.Web.sign_In.Sign_In" time="4.088"/>
  <testcase name="Participant_Auth_Mobile_Sign_in_with_incorrect_password[0](Participant)" classname="testing.appium.eConsentTesting.Web.sign_In.Sign_In" time="5.482"/>
  <testcase name="participant_Auth_Mobile_Sign_In_Fields_respond_with_valid_data[0](Participant)" classname="testing.appium.eConsentTesting.Web.sign_In.Sign_In" time="3.502"/>
  <testcase name="participant_Auth_Mobile_Sign_In_Fields_respond_with_invalid_data[0](Participant, incorrect, incorrect)" classname="testing.appium.eConsentTesting.Web.sign_In.Sign_In" time="3.533"/>
  <testcase name="participant_Auth_Mobile_Sign_In_Fields_respond_with_cleared_data[0](incorrect, incorrect)" classname="testing.appium.eConsentTesting.Web.sign_In.Sign_In" time="6.021"/>
  <testcase name="participant_Auth_Mobile_Sign_In_Show_Password[0](Participant)" classname="testing.appium.eConsentTesting.Web.sign_In.Sign_In" time="2.634"/>
  <testcase name="participant_Auth_Mobile_Sign_In_Privacy_Policy_Link" classname="testing.appium.eConsentTesting.Web.sign_In.Sign_In" time="58.346">
    <failure message="java.lang.AssertionError: null" type="java.lang.AssertionError">java.lang.AssertionError: null
	at org.testng.Assert.fail(Assert.java:99)
	at org.testng.Assert.fail(Assert.java:106)
	at testing.appium.helpers.TCLogger.LoggerStep_Failed(TCLogger.java:48)
	at testing.appium.helpers.Utils.switchingTabs(Utils.java:325)
	at testing.appium.eConsentTesting.Web.sign_In.Sign_In.participant_Auth_Mobile_Sign_In_Privacy_Policy_Link(Sign_In.java:285)
	at java.base/jdk.internal.reflect.NativeMethodAccessorImpl.invoke0(Native Method)
	at java.base/jdk.internal.reflect.NativeMethodAccessorImpl.invoke(NativeMethodAccessorImpl.java:62)
	at java.base/jdk.internal.reflect.DelegatingMethodAccessorImpl.invoke(DelegatingMethodAccessorImpl.java:43)
	at java.base/java.lang.reflect.Method.invoke(Method.java:567)
	at org.testng.internal.MethodInvocationHelper.invokeMethod(MethodInvocationHelper.java:133)
	at org.testng.internal.TestInvoker.invokeMethod(TestInvoker.java:598)
	at org.testng.internal.TestInvoker.invokeTestMethod(TestInvoker.java:173)
	at org.testng.internal.MethodRunner.runInSequence(MethodRunner.java:46)
	at org.testng.internal.TestInvoker$MethodInvocationAgent.invoke(TestInvoker.java:824)
	at org.testng.internal.TestInvoker.invokeTestMethods(TestInvoker.java:146)
	at org.testng.internal.TestMethodWorker.invokeTestMethods(TestMethodWorker.java:146)
	at org.testng.internal.TestMethodWorker.run(TestMethodWorker.java:128)
	at java.base/java.util.ArrayList.forEach(ArrayList.java:1508)
	at org.testng.TestRunner.privateRun(TestRunner.java:794)
	at org.testng.TestRunner.run(TestRunner.java:596)
	at org.testng.SuiteRunner.runTest(SuiteRunner.java:377)
	at org.testng.SuiteRunner.runSequentially(SuiteRunner.java:371)
	at org.testng.SuiteRunner.privateRun(SuiteRunner.java:332)
	at org.testng.SuiteRunner.run(SuiteRunner.java:276)
	at org.testng.SuiteRunnerWorker.runSuite(SuiteRunnerWorker.java:53)
	at org.testng.SuiteRunnerWorker.run(SuiteRunnerWorker.java:96)
	at org.testng.TestNG.runSuitesSequentially(TestNG.java:1212)
	at org.testng.TestNG.runSuitesSequentially(TestNG.java:1207)
	at org.testng.TestNG.runSuitesLocally(TestNG.java:1134)
	at org.testng.TestNG.runSuites(TestNG.java:1063)
	at org.testng.TestNG.run(TestNG.java:1031)
	at org.gradle.api.internal.tasks.testing.testng.TestNGTestClassProcessor.runTests(TestNGTestClassProcessor.java:141)
	at org.gradle.api.internal.tasks.testing.testng.TestNGTestClassProcessor.stop(TestNGTestClassProcessor.java:90)
	at org.gradle.api.internal.tasks.testing.SuiteTestClassProcessor.stop(SuiteTestClassProcessor.java:61)
	at java.base/jdk.internal.reflect.NativeMethodAccessorImpl.invoke0(Native Method)
	at java.base/jdk.internal.reflect.NativeMethodAccessorImpl.invoke(NativeMethodAccessorImpl.java:62)
	at java.base/jdk.internal.reflect.DelegatingMethodAccessorImpl.invoke(DelegatingMethodAccessorImpl.java:43)
	at java.base/java.lang.reflect.Method.invoke(Method.java:567)
	at org.gradle.internal.dispatch.ReflectionDispatch.dispatch(ReflectionDispatch.java:36)
	at org.gradle.internal.dispatch.ReflectionDispatch.dispatch(ReflectionDispatch.java:24)
	at org.gradle.internal.dispatch.ContextClassLoaderDispatch.dispatch(ContextClassLoaderDispatch.java:33)
	at org.gradle.internal.dispatch.ProxyDispatchAdapter$DispatchingInvocationHandler.invoke(ProxyDispatchAdapter.java:94)
	at com.sun.proxy.$Proxy2.stop(Unknown Source)
	at org.gradle.api.internal.tasks.testing.worker.TestWorker.stop(TestWorker.java:132)
	at java.base/jdk.internal.reflect.NativeMethodAccessorImpl.invoke0(Native Method)
	at java.base/jdk.internal.reflect.NativeMethodAccessorImpl.invoke(NativeMethodAccessorImpl.java:62)
	at java.base/jdk.internal.reflect.DelegatingMethodAccessorImpl.invoke(DelegatingMethodAccessorImpl.java:43)
	at java.base/java.lang.reflect.Method.invoke(Method.java:567)
	at org.gradle.internal.dispatch.ReflectionDispatch.dispatch(ReflectionDispatch.java:36)
	at org.gradle.internal.dispatch.ReflectionDispatch.dispatch(ReflectionDispatch.java:24)
	at org.gradle.internal.remote.internal.hub.MessageHubBackedObjectConnection$DispatchWrapper.dispatch(MessageHubBackedObjectConnection.java:182)
	at org.gradle.internal.remote.internal.hub.MessageHubBackedObjectConnection$DispatchWrapper.dispatch(MessageHubBackedObjectConnection.java:164)
	at org.gradle.internal.remote.internal.hub.MessageHub$Handler.run(MessageHub.java:412)
	at org.gradle.internal.concurrent.ExecutorPolicy$CatchAndRecordFailures.onExecute(ExecutorPolicy.java:64)
	at org.gradle.internal.concurrent.ManagedExecutorImpl$1.run(ManagedExecutorImpl.java:48)
	at java.base/java.util.concurrent.ThreadPoolExecutor.runWorker(ThreadPoolExecutor.java:1128)
	at java.base/java.util.concurrent.ThreadPoolExecutor$Worker.run(ThreadPoolExecutor.java:628)
	at org.gradle.internal.concurrent.ThreadFactoryImpl$ManagedThreadRunnable.run(ThreadFactoryImpl.java:56)
	at java.base/java.lang.Thread.run(Thread.java:830)
</failure>
  </testcase>
  <testcase name="participant_Auth_Mobile_Sign_In_Terms_And_Conditions_Link" classname="testing.appium.eConsentTesting.Web.sign_In.Sign_In" time="57.459">
    <failure message="java.lang.AssertionError: null" type="java.lang.AssertionError">java.lang.AssertionError: null
	at org.testng.Assert.fail(Assert.java:99)
	at org.testng.Assert.fail(Assert.java:106)
	at testing.appium.helpers.TCLogger.LoggerStep_Failed(TCLogger.java:48)
	at testing.appium.helpers.Utils.switchingTabs(Utils.java:325)
	at testing.appium.eConsentTesting.Web.sign_In.Sign_In.participant_Auth_Mobile_Sign_In_Terms_And_Conditions_Link(Sign_In.java:304)
	at java.base/jdk.internal.reflect.NativeMethodAccessorImpl.invoke0(Native Method)
	at java.base/jdk.internal.reflect.NativeMethodAccessorImpl.invoke(NativeMethodAccessorImpl.java:62)
	at java.base/jdk.internal.reflect.DelegatingMethodAccessorImpl.invoke(DelegatingMethodAccessorImpl.java:43)
	at java.base/java.lang.reflect.Method.invoke(Method.java:567)
	at org.testng.internal.MethodInvocationHelper.invokeMethod(MethodInvocationHelper.java:133)
	at org.testng.internal.TestInvoker.invokeMethod(TestInvoker.java:598)
	at org.testng.internal.TestInvoker.invokeTestMethod(TestInvoker.java:173)
	at org.testng.internal.MethodRunner.runInSequence(MethodRunner.java:46)
	at org.testng.internal.TestInvoker$MethodInvocationAgent.invoke(TestInvoker.java:824)
	at org.testng.internal.TestInvoker.invokeTestMethods(TestInvoker.java:146)
	at org.testng.internal.TestMethodWorker.invokeTestMethods(TestMethodWorker.java:146)
	at org.testng.internal.TestMethodWorker.run(TestMethodWorker.java:128)
	at java.base/java.util.ArrayList.forEach(ArrayList.java:1508)
	at org.testng.TestRunner.privateRun(TestRunner.java:794)
	at org.testng.TestRunner.run(TestRunner.java:596)
	at org.testng.SuiteRunner.runTest(SuiteRunner.java:377)
	at org.testng.SuiteRunner.runSequentially(SuiteRunner.java:371)
	at org.testng.SuiteRunner.privateRun(SuiteRunner.java:332)
	at org.testng.SuiteRunner.run(SuiteRunner.java:276)
	at org.testng.SuiteRunnerWorker.runSuite(SuiteRunnerWorker.java:53)
	at org.testng.SuiteRunnerWorker.run(SuiteRunnerWorker.java:96)
	at org.testng.TestNG.runSuitesSequentially(TestNG.java:1212)
	at org.testng.TestNG.runSuitesSequentially(TestNG.java:1207)
	at org.testng.TestNG.runSuitesLocally(TestNG.java:1134)
	at org.testng.TestNG.runSuites(TestNG.java:1063)
	at org.testng.TestNG.run(TestNG.java:1031)
	at org.gradle.api.internal.tasks.testing.testng.TestNGTestClassProcessor.runTests(TestNGTestClassProcessor.java:141)
	at org.gradle.api.internal.tasks.testing.testng.TestNGTestClassProcessor.stop(TestNGTestClassProcessor.java:90)
	at org.gradle.api.internal.tasks.testing.SuiteTestClassProcessor.stop(SuiteTestClassProcessor.java:61)
	at java.base/jdk.internal.reflect.NativeMethodAccessorImpl.invoke0(Native Method)
	at java.base/jdk.internal.reflect.NativeMethodAccessorImpl.invoke(NativeMethodAccessorImpl.java:62)
	at java.base/jdk.internal.reflect.DelegatingMethodAccessorImpl.invoke(DelegatingMethodAccessorImpl.java:43)
	at java.base/java.lang.reflect.Method.invoke(Method.java:567)
	at org.gradle.internal.dispatch.ReflectionDispatch.dispatch(ReflectionDispatch.java:36)
	at org.gradle.internal.dispatch.ReflectionDispatch.dispatch(ReflectionDispatch.java:24)
	at org.gradle.internal.dispatch.ContextClassLoaderDispatch.dispatch(ContextClassLoaderDispatch.java:33)
	at org.gradle.internal.dispatch.ProxyDispatchAdapter$DispatchingInvocationHandler.invoke(ProxyDispatchAdapter.java:94)
	at com.sun.proxy.$Proxy2.stop(Unknown Source)
	at org.gradle.api.internal.tasks.testing.worker.TestWorker.stop(TestWorker.java:132)
	at java.base/jdk.internal.reflect.NativeMethodAccessorImpl.invoke0(Native Method)
	at java.base/jdk.internal.reflect.NativeMethodAccessorImpl.invoke(NativeMethodAccessorImpl.java:62)
	at java.base/jdk.internal.reflect.DelegatingMethodAccessorImpl.invoke(DelegatingMethodAccessorImpl.java:43)
	at java.base/java.lang.reflect.Method.invoke(Method.java:567)
	at org.gradle.internal.dispatch.ReflectionDispatch.dispatch(ReflectionDispatch.java:36)
	at org.gradle.internal.dispatch.ReflectionDispatch.dispatch(ReflectionDispatch.java:24)
	at org.gradle.internal.remote.internal.hub.MessageHubBackedObjectConnection$DispatchWrapper.dispatch(MessageHubBackedObjectConnection.java:182)
	at org.gradle.internal.remote.internal.hub.MessageHubBackedObjectConnection$DispatchWrapper.dispatch(MessageHubBackedObjectConnection.java:164)
	at org.gradle.internal.remote.internal.hub.MessageHub$Handler.run(MessageHub.java:412)
	at org.gradle.internal.concurrent.ExecutorPolicy$CatchAndRecordFailures.onExecute(ExecutorPolicy.java:64)
	at org.gradle.internal.concurrent.ManagedExecutorImpl$1.run(ManagedExecutorImpl.java:48)
	at java.base/java.util.concurrent.ThreadPoolExecutor.runWorker(ThreadPoolExecutor.java:1128)
	at java.base/java.util.concurrent.ThreadPoolExecutor$Worker.run(ThreadPoolExecutor.java:628)
	at org.gradle.internal.concurrent.ThreadFactoryImpl$ManagedThreadRunnable.run(ThreadFactoryImpl.java:56)
	at java.base/java.lang.Thread.run(Thread.java:830)
</failure>
  </testcase>
  <testcase name="participant_Auth_Mobile_Sign_In_Forgot_Password_Link" classname="testing.appium.eConsentTesting.Web.sign_In.Sign_In" time="1.074"/>
  <testcase name="participant_Auth_Mobile_Sign_In_Forgot_password_action_with_populated_Email_field[0](Participant)" classname="testing.appium.eConsentTesting.Web.sign_In.Sign_In" time="2.443"/>
  <testcase name="participant_Auth_Mobile_Sign_in_with_inactive_participant[0](mobile.automation+unactivated_android@florencehc.com, Unactivated123*)" classname="testing.appium.eConsentTesting.Web.sign_In.Sign_In" time="3.598">
    <failure message="java.lang.AssertionError: null" type="java.lang.AssertionError">java.lang.AssertionError: null
	at org.testng.Assert.fail(Assert.java:99)
	at org.testng.Assert.fail(Assert.java:106)
	at testing.appium.helpers.Utils.assert_getText_WebElement(Utils.java:167)
	at testing.appium.pageObjects.eConsentTesting.WebApp.SignInPage.assert_toastMsg(SignInPage.java:96)
	at testing.appium.eConsentTesting.Web.sign_In.Sign_In.participant_Auth_Mobile_Sign_in_with_inactive_participant(Sign_In.java:120)
	at java.base/jdk.internal.reflect.NativeMethodAccessorImpl.invoke0(Native Method)
	at java.base/jdk.internal.reflect.NativeMethodAccessorImpl.invoke(NativeMethodAccessorImpl.java:62)
	at java.base/jdk.internal.reflect.DelegatingMethodAccessorImpl.invoke(DelegatingMethodAccessorImpl.java:43)
	at java.base/java.lang.reflect.Method.invoke(Method.java:567)
	at org.testng.internal.MethodInvocationHelper.invokeMethod(MethodInvocationHelper.java:133)
	at org.testng.internal.TestInvoker.invokeMethod(TestInvoker.java:598)
	at org.testng.internal.TestInvoker.invokeTestMethod(TestInvoker.java:173)
	at org.testng.internal.MethodRunner.runInSequence(MethodRunner.java:46)
	at org.testng.internal.TestInvoker$MethodInvocationAgent.invoke(TestInvoker.java:824)
	at org.testng.internal.TestInvoker.invokeTestMethods(TestInvoker.java:146)
	at org.testng.internal.TestMethodWorker.invokeTestMethods(TestMethodWorker.java:146)
	at org.testng.internal.TestMethodWorker.run(TestMethodWorker.java:128)
	at java.base/java.util.ArrayList.forEach(ArrayList.java:1508)
	at org.testng.TestRunner.privateRun(TestRunner.java:794)
	at org.testng.TestRunner.run(TestRunner.java:596)
	at org.testng.SuiteRunner.runTest(SuiteRunner.java:377)
	at org.testng.SuiteRunner.runSequentially(SuiteRunner.java:371)
	at org.testng.SuiteRunner.privateRun(SuiteRunner.java:332)
	at org.testng.SuiteRunner.run(SuiteRunner.java:276)
	at org.testng.SuiteRunnerWorker.runSuite(SuiteRunnerWorker.java:53)
	at org.testng.SuiteRunnerWorker.run(SuiteRunnerWorker.java:96)
	at org.testng.TestNG.runSuitesSequentially(TestNG.java:1212)
	at org.testng.TestNG.runSuitesSequentially(TestNG.java:1207)
	at org.testng.TestNG.runSuitesLocally(TestNG.java:1134)
	at org.testng.TestNG.runSuites(TestNG.java:1063)
	at org.testng.TestNG.run(TestNG.java:1031)
	at org.gradle.api.internal.tasks.testing.testng.TestNGTestClassProcessor.runTests(TestNGTestClassProcessor.java:141)
	at org.gradle.api.internal.tasks.testing.testng.TestNGTestClassProcessor.stop(TestNGTestClassProcessor.java:90)
	at org.gradle.api.internal.tasks.testing.SuiteTestClassProcessor.stop(SuiteTestClassProcessor.java:61)
	at java.base/jdk.internal.reflect.NativeMethodAccessorImpl.invoke0(Native Method)
	at java.base/jdk.internal.reflect.NativeMethodAccessorImpl.invoke(NativeMethodAccessorImpl.java:62)
	at java.base/jdk.internal.reflect.DelegatingMethodAccessorImpl.invoke(DelegatingMethodAccessorImpl.java:43)
	at java.base/java.lang.reflect.Method.invoke(Method.java:567)
	at org.gradle.internal.dispatch.ReflectionDispatch.dispatch(ReflectionDispatch.java:36)
	at org.gradle.internal.dispatch.ReflectionDispatch.dispatch(ReflectionDispatch.java:24)
	at org.gradle.internal.dispatch.ContextClassLoaderDispatch.dispatch(ContextClassLoaderDispatch.java:33)
	at org.gradle.internal.dispatch.ProxyDispatchAdapter$DispatchingInvocationHandler.invoke(ProxyDispatchAdapter.java:94)
	at com.sun.proxy.$Proxy2.stop(Unknown Source)
	at org.gradle.api.internal.tasks.testing.worker.TestWorker.stop(TestWorker.java:132)
	at java.base/jdk.internal.reflect.NativeMethodAccessorImpl.invoke0(Native Method)
	at java.base/jdk.internal.reflect.NativeMethodAccessorImpl.invoke(NativeMethodAccessorImpl.java:62)
	at java.base/jdk.internal.reflect.DelegatingMethodAccessorImpl.invoke(DelegatingMethodAccessorImpl.java:43)
	at java.base/java.lang.reflect.Method.invoke(Method.java:567)
	at org.gradle.internal.dispatch.ReflectionDispatch.dispatch(ReflectionDispatch.java:36)
	at org.gradle.internal.dispatch.ReflectionDispatch.dispatch(ReflectionDispatch.java:24)
	at org.gradle.internal.remote.internal.hub.MessageHubBackedObjectConnection$DispatchWrapper.dispatch(MessageHubBackedObjectConnection.java:182)
	at org.gradle.internal.remote.internal.hub.MessageHubBackedObjectConnection$DispatchWrapper.dispatch(MessageHubBackedObjectConnection.java:164)
	at org.gradle.internal.remote.internal.hub.MessageHub$Handler.run(MessageHub.java:412)
	at org.gradle.internal.concurrent.ExecutorPolicy$CatchAndRecordFailures.onExecute(ExecutorPolicy.java:64)
	at org.gradle.internal.concurrent.ManagedExecutorImpl$1.run(ManagedExecutorImpl.java:48)
	at java.base/java.util.concurrent.ThreadPoolExecutor.runWorker(ThreadPoolExecutor.java:1128)
	at java.base/java.util.concurrent.ThreadPoolExecutor$Worker.run(ThreadPoolExecutor.java:628)
	at org.gradle.internal.concurrent.ThreadFactoryImpl$ManagedThreadRunnable.run(ThreadFactoryImpl.java:56)
	at java.base/java.lang.Thread.run(Thread.java:830)
</failure>
  </testcase>
  <testcase name="participant_Auth_Mobile_Sign_in_with_inactive_Additional_Signer" classname="testing.appium.eConsentTesting.Web.sign_In.Sign_In" time="3.325">
    <failure message="java.lang.AssertionError: null" type="java.lang.AssertionError">java.lang.AssertionError: null
	at org.testng.Assert.fail(Assert.java:99)
	at org.testng.Assert.fail(Assert.java:106)
	at testing.appium.helpers.Utils.assert_getText_WebElement(Utils.java:167)
	at testing.appium.pageObjects.eConsentTesting.WebApp.SignInPage.assert_toastMsg(SignInPage.java:96)
	at testing.appium.eConsentTesting.Web.sign_In.Sign_In.participant_Auth_Mobile_Sign_in_with_inactive_Additional_Signer(Sign_In.java:138)
	at java.base/jdk.internal.reflect.NativeMethodAccessorImpl.invoke0(Native Method)
	at java.base/jdk.internal.reflect.NativeMethodAccessorImpl.invoke(NativeMethodAccessorImpl.java:62)
	at java.base/jdk.internal.reflect.DelegatingMethodAccessorImpl.invoke(DelegatingMethodAccessorImpl.java:43)
	at java.base/java.lang.reflect.Method.invoke(Method.java:567)
	at org.testng.internal.MethodInvocationHelper.invokeMethod(MethodInvocationHelper.java:133)
	at org.testng.internal.TestInvoker.invokeMethod(TestInvoker.java:598)
	at org.testng.internal.TestInvoker.invokeTestMethod(TestInvoker.java:173)
	at org.testng.internal.MethodRunner.runInSequence(MethodRunner.java:46)
	at org.testng.internal.TestInvoker$MethodInvocationAgent.invoke(TestInvoker.java:824)
	at org.testng.internal.TestInvoker.invokeTestMethods(TestInvoker.java:146)
	at org.testng.internal.TestMethodWorker.invokeTestMethods(TestMethodWorker.java:146)
	at org.testng.internal.TestMethodWorker.run(TestMethodWorker.java:128)
	at java.base/java.util.ArrayList.forEach(ArrayList.java:1508)
	at org.testng.TestRunner.privateRun(TestRunner.java:794)
	at org.testng.TestRunner.run(TestRunner.java:596)
	at org.testng.SuiteRunner.runTest(SuiteRunner.java:377)
	at org.testng.SuiteRunner.runSequentially(SuiteRunner.java:371)
	at org.testng.SuiteRunner.privateRun(SuiteRunner.java:332)
	at org.testng.SuiteRunner.run(SuiteRunner.java:276)
	at org.testng.SuiteRunnerWorker.runSuite(SuiteRunnerWorker.java:53)
	at org.testng.SuiteRunnerWorker.run(SuiteRunnerWorker.java:96)
	at org.testng.TestNG.runSuitesSequentially(TestNG.java:1212)
	at org.testng.TestNG.runSuitesSequentially(TestNG.java:1207)
	at org.testng.TestNG.runSuitesLocally(TestNG.java:1134)
	at org.testng.TestNG.runSuites(TestNG.java:1063)
	at org.testng.TestNG.run(TestNG.java:1031)
	at org.gradle.api.internal.tasks.testing.testng.TestNGTestClassProcessor.runTests(TestNGTestClassProcessor.java:141)
	at org.gradle.api.internal.tasks.testing.testng.TestNGTestClassProcessor.stop(TestNGTestClassProcessor.java:90)
	at org.gradle.api.internal.tasks.testing.SuiteTestClassProcessor.stop(SuiteTestClassProcessor.java:61)
	at java.base/jdk.internal.reflect.NativeMethodAccessorImpl.invoke0(Native Method)
	at java.base/jdk.internal.reflect.NativeMethodAccessorImpl.invoke(NativeMethodAccessorImpl.java:62)
	at java.base/jdk.internal.reflect.DelegatingMethodAccessorImpl.invoke(DelegatingMethodAccessorImpl.java:43)
	at java.base/java.lang.reflect.Method.invoke(Method.java:567)
	at org.gradle.internal.dispatch.ReflectionDispatch.dispatch(ReflectionDispatch.java:36)
	at org.gradle.internal.dispatch.ReflectionDispatch.dispatch(ReflectionDispatch.java:24)
	at org.gradle.internal.dispatch.ContextClassLoaderDispatch.dispatch(ContextClassLoaderDispatch.java:33)
	at org.gradle.internal.dispatch.ProxyDispatchAdapter$DispatchingInvocationHandler.invoke(ProxyDispatchAdapter.java:94)
	at com.sun.proxy.$Proxy2.stop(Unknown Source)
	at org.gradle.api.internal.tasks.testing.worker.TestWorker.stop(TestWorker.java:132)
	at java.base/jdk.internal.reflect.NativeMethodAccessorImpl.invoke0(Native Method)
	at java.base/jdk.internal.reflect.NativeMethodAccessorImpl.invoke(NativeMethodAccessorImpl.java:62)
	at java.base/jdk.internal.reflect.DelegatingMethodAccessorImpl.invoke(DelegatingMethodAccessorImpl.java:43)
	at java.base/java.lang.reflect.Method.invoke(Method.java:567)
	at org.gradle.internal.dispatch.ReflectionDispatch.dispatch(ReflectionDispatch.java:36)
	at org.gradle.internal.dispatch.ReflectionDispatch.dispatch(ReflectionDispatch.java:24)
	at org.gradle.internal.remote.internal.hub.MessageHubBackedObjectConnection$DispatchWrapper.dispatch(MessageHubBackedObjectConnection.java:182)
	at org.gradle.internal.remote.internal.hub.MessageHubBackedObjectConnection$DispatchWrapper.dispatch(MessageHubBackedObjectConnection.java:164)
	at org.gradle.internal.remote.internal.hub.MessageHub$Handler.run(MessageHub.java:412)
	at org.gradle.internal.concurrent.ExecutorPolicy$CatchAndRecordFailures.onExecute(ExecutorPolicy.java:64)
	at org.gradle.internal.concurrent.ManagedExecutorImpl$1.run(ManagedExecutorImpl.java:48)
	at java.base/java.util.concurrent.ThreadPoolExecutor.runWorker(ThreadPoolExecutor.java:1128)
	at java.base/java.util.concurrent.ThreadPoolExecutor$Worker.run(ThreadPoolExecutor.java:628)
	at org.gradle.internal.concurrent.ThreadFactoryImpl$ManagedThreadRunnable.run(ThreadFactoryImpl.java:56)
	at java.base/java.lang.Thread.run(Thread.java:830)
</failure>
  </testcase>
  <testcase name="participant_Auth_Mobile_Sign_in_with_participant[0](Participant)" classname="testing.appium.eConsentTesting.Web.sign_In.Sign_In" time="8.048"/>
  <testcase name="participant_Auth_Mobile_Sign_In_Additional_Signer[0](mobile.automation+lar_android@florencehc.com, Password123*, Active_LAR)" classname="testing.appium.eConsentTesting.Web.sign_In.Sign_In" time="7.635"/>
  <system-out><![CDATA[appUrl: https://us-participant-auth.se.qav2.researchbinders.com/#/sign-in?language=en
2022-12-23 07:26:13.185  Action-->  Enter URL: https://us-participant-auth.se.qav2.researchbinders.com/#/sign-in?language=en
2022-12-23 07:26:13.185  Waiting--> For the Application to Load
2022-12-23 07:26:14.107  Information-->  Application is Running
2022-12-23 07:26:14.117  Waiting--> To be Clickable element: "Username Input Field"
2022-12-23 07:26:14.682  Action-->  Send Text:  "incorrect"  on element: "Username Input Field"
2022-12-23 07:26:14.682  Waiting--> To be Clickable element: "Password Input Field"
2022-12-23 07:26:15.230  Action-->  Send Text:  "incorrect"  on element: "Password Input Field"
2022-12-23 07:26:15.464  Waiting--> To be Visible element: "Sign in Button"
2022-12-23 07:26:16.148  Assert-->  Verification successful - element: "Sign in Button" is Disabled
2022-12-23 07:26:16.151  Waiting--> To be Visible element: "Username Input field"
2022-12-23 07:26:16.900  Assert-->  Verification successful - element: "Username Input field" color is: rgba(229, 28, 35, 1) = Red
2022-12-23 07:26:16.900  Waiting--> To be Visible element: "Username Error Message"
2022-12-23 07:26:17.557  Assert-->  Verification successful. expected: Required == actual: Required
2022-12-23 07:26:17.557  Waiting--> To be Visible element: "Password Input field"
2022-12-23 07:26:18.203  Assert-->  Verification successful - element: "Password Input field" color is: rgba(185, 21, 27, 1) = Red
--- Test Case - participant_Auth_Mobile_Sign_in_with_incorrect_email -- Finish --> {color:#36b37e}*PASSED*{color} ---\n
\n --- *Test Environment* ---  \n \n" --- Test Device \nTest Execution video: [SauceLabs Execution Video|https://app.eu-central-1.saucelabs.com/tests/2c9985f0de6544c483992daa0a0b0a71?auth=4c1493c4707e5b43e1ff957e7a911a43]\nSuite name: eConsent - Participant - QA - iOS - 5.0.0 --> Test Set - Sign In\nPlatform: iOS\nOS version: 16.1.2\nDevice name: iPhone XR\n\n --- Test Application \n\nApp Name: Florence - eConsent\nEnvironment: QA\nApp Link: [https://us-participant-auth.se.qav2.researchbinders.com|https://us-participant-auth.se.qav2.researchbinders.com]\nApp Version: 5.0.0\nApp Revision: 6513ae3\nApp Health Check: OK
2022-12-23 07:26:19.336  Information-->  Xray Authentication Token API status: 200
2022-12-23 07:26:22.082  Information-->  Xray Set Test Result API status: 200
?[32m------------ >>>[ Test PASSED: participant_Auth_Mobile_Sign_in_with_incorrect_email ]<<< ------------?[0m
2022-12-23 07:26:22.087  Information-->  Postcondition procedure for TC: participant_Auth_Mobile_Sign_in_with_incorrect_email
2022-12-23 07:26:22.391  Action-->  Refresh Web Page
2022-12-23 07:26:23.405  Information-->  Participant credentials --environment: QA --platform: iOS --Username: mobile.automation+active_ios@florencehc.com
2022-12-23 07:26:23.406  Waiting--> To be Clickable element: "Username Input Field"
2022-12-23 07:26:24.189  Action-->  Send Text:  "mobile.automation+active_ios@florencehc.com"  on element: "Username Input Field"
2022-12-23 07:26:24.190  Waiting--> To be Clickable element: "Password Input Field"
2022-12-23 07:26:24.998  Action-->  Send Text:  "PassHQZo1*"  on element: "Password Input Field"
2022-12-23 07:26:24.999  Waiting--> To be Clickable element: "Sign in Button"
2022-12-23 07:26:25.706  Action-->  Click on element: "Sign in Button"
2022-12-23 07:26:25.707  Waiting--> To be Visible element: "Toast Message"
2022-12-23 07:26:27.828  Assert-->  Verification successful. expected: Your email or password was incorrect. Please try again == actual: Your email or password was incorrect. Please try again.
2022-12-23 07:26:27.828  Waiting--> To be Visible element: "Password Input field"
2022-12-23 07:26:28.267  Assert-->  Verification successful - element: "Password Input field" color is: rgba(229, 28, 35, 1) = Red
2022-12-23 07:26:28.475  Waiting--> To be Visible element: "Sign in Button"
2022-12-23 07:26:28.884  Assert-->  Verification successful - element: "Sign in Button" is Disabled
--- Test Case - Participant_Auth_Mobile_Sign_in_with_incorrect_password -- Finish --> {color:#36b37e}*PASSED*{color} ---\n
\n --- *Test Environment* ---  \n \n" --- Test Device \nTest Execution video: [SauceLabs Execution Video|https://app.eu-central-1.saucelabs.com/tests/2c9985f0de6544c483992daa0a0b0a71?auth=4c1493c4707e5b43e1ff957e7a911a43]\nSuite name: eConsent - Participant - QA - iOS - 5.0.0 --> Test Set - Sign In\nPlatform: iOS\nOS version: 16.1.2\nDevice name: iPhone XR\n\n --- Test Application \n\nApp Name: Florence - eConsent\nEnvironment: QA\nApp Link: [https://us-participant-auth.se.qav2.researchbinders.com|https://us-participant-auth.se.qav2.researchbinders.com]\nApp Version: 5.0.0\nApp Revision: 6513ae3\nApp Health Check: OK
2022-12-23 07:26:29.781  Information-->  Xray Authentication Token API status: 200
2022-12-23 07:26:32.449  Information-->  Xray Set Test Result API status: 200
?[32m------------ >>>[ Test PASSED: Participant_Auth_Mobile_Sign_in_with_incorrect_password ]<<< ------------?[0m
2022-12-23 07:26:32.470  Information-->  Postcondition procedure for TC: Participant_Auth_Mobile_Sign_in_with_incorrect_password
2022-12-23 07:26:32.579  Action-->  Refresh Web Page
2022-12-23 07:26:33.590  Information-->  Participant credentials --environment: QA --platform: iOS --Username: mobile.automation+active_ios@florencehc.com
2022-12-23 07:26:33.592  Information-->  Participant credentials --environment: QA --platform: iOS --Password: Password123*
2022-12-23 07:26:33.592  Waiting--> To be Clickable element: "Email Input Field"
2022-12-23 07:26:34.157  Action-->  Click on element: "Email Input Field"
2022-12-23 07:26:34.157  Waiting--> To be Clickable element: "Username Input Field"
2022-12-23 07:26:34.700  Action-->  Send Text:  "mobile.automation+active_ios@florencehc.com"  on element: "Username Input Field"
2022-12-23 07:26:34.700  Waiting--> To be Visible element: "Username Input field"
2022-12-23 07:26:35.162  Assert-->  Verification successful - element: "Username Input field" color is: rgba(102, 175, 233, 1) = Blue
2022-12-23 07:26:35.162  Waiting--> To be Clickable element: "Password Input Field"
2022-12-23 07:26:35.681  Action-->  Click on element: "Password Input Field"
2022-12-23 07:26:35.681  Waiting--> To be Clickable element: "Password Input Field"
2022-12-23 07:26:36.167  Action-->  Send Text:  "Password123*"  on element: "Password Input Field"
2022-12-23 07:26:36.168  Waiting--> To be Visible element: "Password Input field"
2022-12-23 07:26:36.610  Assert-->  Verification successful - element: "Password Input field" color is: rgba(102, 175, 233, 1) = Blue
2022-12-23 07:26:36.610  Waiting--> To be Visible element: "Sign in Button"
2022-12-23 07:26:37.088  Assert-->  Verification successful - element: "Sign in Button" is Enabled
--- Test Case - participant_Auth_Mobile_Sign_In_Fields_respond_with_valid_data -- Finish --> {color:#36b37e}*PASSED*{color} ---\n
\n --- *Test Environment* ---  \n \n" --- Test Device \nTest Execution video: [SauceLabs Execution Video|https://app.eu-central-1.saucelabs.com/tests/2c9985f0de6544c483992daa0a0b0a71?auth=4c1493c4707e5b43e1ff957e7a911a43]\nSuite name: eConsent - Participant - QA - iOS - 5.0.0 --> Test Set - Sign In\nPlatform: iOS\nOS version: 16.1.2\nDevice name: iPhone XR\n\n --- Test Application \n\nApp Name: Florence - eConsent\nEnvironment: QA\nApp Link: [https://us-participant-auth.se.qav2.researchbinders.com|https://us-participant-auth.se.qav2.researchbinders.com]\nApp Version: 5.0.0\nApp Revision: 6513ae3\nApp Health Check: OK
2022-12-23 07:26:37.921  Information-->  Xray Authentication Token API status: 200
2022-12-23 07:26:42.817  Information-->  Xray Set Test Result API status: 200
?[32m------------ >>>[ Test PASSED: participant_Auth_Mobile_Sign_In_Fields_respond_with_valid_data ]<<< ------------?[0m
2022-12-23 07:26:42.824  Information-->  Postcondition procedure for TC: participant_Auth_Mobile_Sign_In_Fields_respond_with_valid_data
2022-12-23 07:26:42.955  Action-->  Refresh Web Page
2022-12-23 07:26:43.965  Information-->  Participant credentials --environment: QA --platform: iOS --Username: mobile.automation+active_ios@florencehc.com
2022-12-23 07:26:43.966  Information-->  Participant credentials --environment: QA --platform: iOS --Password: Password123*
2022-12-23 07:26:43.966  Waiting--> To be Clickable element: "Email Input Field"
2022-12-23 07:26:45.055  Action-->  Click on element: "Email Input Field"
2022-12-23 07:26:45.055  Waiting--> To be Clickable element: "Username Input Field"
2022-12-23 07:26:45.594  Action-->  Send Text:  "incorrect"  on element: "Username Input Field"
2022-12-23 07:26:45.594  Waiting--> To be Clickable element: "Password Input Field"
2022-12-23 07:26:46.103  Action-->  Click on element: "Password Input Field"
2022-12-23 07:26:46.103  Waiting--> To be Clickable element: "Password Input Field"
2022-12-23 07:26:46.611  Action-->  Send Text:  "incorrect"  on element: "Password Input Field"
2022-12-23 07:26:46.612  Waiting--> To be Visible element: "Username Input field"
2022-12-23 07:26:47.038  Assert-->  Verification successful - element: "Username Input field" color is: rgba(229, 28, 35, 1) = Red
2022-12-23 07:26:47.038  Waiting--> To be Visible element: "Password Input field"
2022-12-23 07:26:47.493  Assert-->  Verification successful - element: "Password Input field" color is: rgba(185, 21, 27, 1) = Red
--- Test Case - participant_Auth_Mobile_Sign_In_Fields_respond_with_invalid_data -- Finish --> {color:#36b37e}*PASSED*{color} ---\n
\n --- *Test Environment* ---  \n \n" --- Test Device \nTest Execution video: [SauceLabs Execution Video|https://app.eu-central-1.saucelabs.com/tests/2c9985f0de6544c483992daa0a0b0a71?auth=4c1493c4707e5b43e1ff957e7a911a43]\nSuite name: eConsent - Participant - QA - iOS - 5.0.0 --> Test Set - Sign In\nPlatform: iOS\nOS version: 16.1.2\nDevice name: iPhone XR\n\n --- Test Application \n\nApp Name: Florence - eConsent\nEnvironment: QA\nApp Link: [https://us-participant-auth.se.qav2.researchbinders.com|https://us-participant-auth.se.qav2.researchbinders.com]\nApp Version: 5.0.0\nApp Revision: 6513ae3\nApp Health Check: OK
2022-12-23 07:26:48.409  Information-->  Xray Authentication Token API status: 200
2022-12-23 07:26:53.156  Information-->  Xray Set Test Result API status: 200
?[32m------------ >>>[ Test PASSED: participant_Auth_Mobile_Sign_In_Fields_respond_with_invalid_data ]<<< ------------?[0m
2022-12-23 07:26:53.158  Information-->  Postcondition procedure for TC: participant_Auth_Mobile_Sign_In_Fields_respond_with_invalid_data
2022-12-23 07:26:53.298  Action-->  Refresh Web Page
2022-12-23 07:26:54.308  Waiting--> To be Clickable element: "Username Input Field"
2022-12-23 07:26:54.881  Action-->  Send Text:  "incorrect"  on element: "Username Input Field"
2022-12-23 07:26:54.881  Waiting--> To be Clickable element: "Username Input Field"
2022-12-23 07:26:55.406  Action-->  Send Text:  ""  on element: "Username Input Field"
2022-12-23 07:26:55.406  Waiting--> To be Clickable element: "Username Input Field"
2022-12-23 07:26:55.847  Action-->  Element: "Username Input Field" is cleared
2022-12-23 07:26:56.046  Waiting--> To be Visible element: "Sign in Button"
2022-12-23 07:26:56.536  Assert-->  Verification successful - element: "Sign in Button" is Disabled
2022-12-23 07:26:56.536  Waiting--> To be Visible element: "Username Input field"
2022-12-23 07:26:56.987  Assert-->  Verification successful - element: "Username Input field" color is: rgba(229, 28, 35, 1) = Red
2022-12-23 07:26:56.987  Waiting--> To be Visible element: "Username Error Message"
2022-12-23 07:26:57.488  Assert-->  Verification successful. expected: Required == actual: Required
2022-12-23 07:26:57.488  Waiting--> To be Clickable element: "Password Input Field"
2022-12-23 07:26:58.018  Action-->  Send Text:  "incorrect"  on element: "Password Input Field"
2022-12-23 07:26:58.018  Waiting--> To be Clickable element: "Password Input Field"
2022-12-23 07:26:58.464  Action-->  Element: "Password Input Field" is cleared
2022-12-23 07:26:58.465  Waiting--> To be Visible element: "Password Input field"
2022-12-23 07:26:58.931  Assert-->  Verification successful - element: "Password Input field" color is: rgba(229, 28, 35, 1) = Red
2022-12-23 07:26:59.135  Waiting--> To be Visible element: "Sign in Button"
2022-12-23 07:27:00.325  Assert-->  Verification successful - element: "Sign in Button" is Disabled
--- Test Case - participant_Auth_Mobile_Sign_In_Fields_respond_with_cleared_data -- Finish --> {color:#36b37e}*PASSED*{color} ---\n
\n --- *Test Environment* ---  \n \n" --- Test Device \nTest Execution video: [SauceLabs Execution Video|https://app.eu-central-1.saucelabs.com/tests/2c9985f0de6544c483992daa0a0b0a71?auth=4c1493c4707e5b43e1ff957e7a911a43]\nSuite name: eConsent - Participant - QA - iOS - 5.0.0 --> Test Set - Sign In\nPlatform: iOS\nOS version: 16.1.2\nDevice name: iPhone XR\n\n --- Test Application \n\nApp Name: Florence - eConsent\nEnvironment: QA\nApp Link: [https://us-participant-auth.se.qav2.researchbinders.com|https://us-participant-auth.se.qav2.researchbinders.com]\nApp Version: 5.0.0\nApp Revision: 6513ae3\nApp Health Check: OK
2022-12-23 07:27:01.354  Information-->  Xray Authentication Token API status: 200
2022-12-23 07:27:06.057  Information-->  Xray Set Test Result API status: 200
?[32m------------ >>>[ Test PASSED: participant_Auth_Mobile_Sign_In_Fields_respond_with_cleared_data ]<<< ------------?[0m
2022-12-23 07:27:06.061  Information-->  Postcondition procedure for TC: participant_Auth_Mobile_Sign_In_Fields_respond_with_cleared_data
2022-12-23 07:27:06.205  Action-->  Refresh Web Page
2022-12-23 07:27:07.226  Information-->  Participant credentials --environment: QA --platform: iOS --Password: Password123*
2022-12-23 07:27:07.227  Waiting--> To be Clickable element: "Password Input Field"
2022-12-23 07:27:07.835  Action-->  Send Text:  "Password123*"  on element: "Password Input Field"
2022-12-23 07:27:07.835  Action-->  Verification of Password Input Field Type
2022-12-23 07:27:07.835  Waiting--> To be Visible element: "Password Input Field"
2022-12-23 07:27:08.301  Assert-->  Verification successful. expected: password == actual: password
2022-12-23 07:27:08.301  Waiting--> To be Clickable element: "Show Password Checkbox"
2022-12-23 07:27:08.802  Action-->  Click on element: "Show Password Checkbox"
2022-12-23 07:27:08.802  Action-->  Verification of Password Input Field Type
2022-12-23 07:27:08.803  Waiting--> To be Visible element: "Password Input Field"
2022-12-23 07:27:09.266  Assert-->  Verification successful. expected: text == actual: text
2022-12-23 07:27:09.267  Waiting--> To be Clickable element: "Password Input Field"
2022-12-23 07:27:09.846  Information-->  Buffered value is: Password123*
2022-12-23 07:27:09.847  Assert-->  Verification successful. expected: Password123* == actual: Password123*
--- Test Case - participant_Auth_Mobile_Sign_In_Show_Password -- Finish --> {color:#36b37e}*PASSED*{color} ---\n
\n --- *Test Environment* ---  \n \n" --- Test Device \nTest Execution video: [SauceLabs Execution Video|https://app.eu-central-1.saucelabs.com/tests/2c9985f0de6544c483992daa0a0b0a71?auth=4c1493c4707e5b43e1ff957e7a911a43]\nSuite name: eConsent - Participant - QA - iOS - 5.0.0 --> Test Set - Sign In\nPlatform: iOS\nOS version: 16.1.2\nDevice name: iPhone XR\n\n --- Test Application \n\nApp Name: Florence - eConsent\nEnvironment: QA\nApp Link: [https://us-participant-auth.se.qav2.researchbinders.com|https://us-participant-auth.se.qav2.researchbinders.com]\nApp Version: 5.0.0\nApp Revision: 6513ae3\nApp Health Check: OK
2022-12-23 07:27:10.661  Information-->  Xray Authentication Token API status: 200
2022-12-23 07:27:15.301  Information-->  Xray Set Test Result API status: 200
?[32m------------ >>>[ Test PASSED: participant_Auth_Mobile_Sign_In_Show_Password ]<<< ------------?[0m
2022-12-23 07:27:15.306  Information-->  Postcondition procedure for TC: participant_Auth_Mobile_Sign_In_Show_Password
2022-12-23 07:27:15.448  Action-->  Refresh Web Page
2022-12-23 07:27:16.455  Waiting--> To be Visible element: "Sign in Page Title"
2022-12-23 07:27:16.719  Assert-->  Verification successful - element: "Sign in Page Title" is Present
2022-12-23 07:27:17.050  Information-->  One Tab is Present: 692.1
2022-12-23 07:27:18.758  Action-->  Scrolling down -Start:627px -End:8px
2022-12-23 07:27:18.758  Waiting--> To be Clickable element: "Privacy Policy"
2022-12-23 07:27:19.256  Action-->  Click on element: "Privacy Policy"
2022-12-23 07:27:19.256  Waiting--> For New Tab to be Visible element
2022-12-23 07:28:14.795 *Step FAILED-->*  {color:#FF0000}No New Tab - Expected condition failed: waiting for number of open windows to be 2 (tried for 55 second(s) with 500 milliseconds interval){color}
--- Test Case - participant_Auth_Mobile_Sign_In_Privacy_Policy_Link -- Finish --> {color:#FF0000}*FAILED*{color}  ---\n
\n --- *Test Environment* ---  \n \n" --- Test Device \nTest Execution video: [SauceLabs Execution Video|https://app.eu-central-1.saucelabs.com/tests/2c9985f0de6544c483992daa0a0b0a71?auth=4c1493c4707e5b43e1ff957e7a911a43]\nSuite name: eConsent - Participant - QA - iOS - 5.0.0 --> Test Set - Sign In\nPlatform: iOS\nOS version: 16.1.2\nDevice name: iPhone XR\n\n --- Test Application \n\nApp Name: Florence - eConsent\nEnvironment: QA\nApp Link: [https://us-participant-auth.se.qav2.researchbinders.com|https://us-participant-auth.se.qav2.researchbinders.com]\nApp Version: 5.0.0\nApp Revision: 6513ae3\nApp Health Check: OK
2022-12-23 07:28:15.380  Print Screen-->  Screenshot Taken
2022-12-23 07:28:15.381  Print Screen-->  Screenshot File Path: /Users/mile_ugarcina/IdeaProjects/eConsent_MobileTesting/screenshots/EC-2046_iOS_1671776894873.jpg
2022-12-23 07:28:16.187  Information-->  Xray Authentication Token API status: 200
2022-12-23 07:28:21.632  Information-->  Xray Set Test Result API status: 200
2022-12-23 07:28:21.636  Information-->  File Deleted: /Users/mile_ugarcina/IdeaProjects/eConsent_MobileTesting/screenshots/EC-2046_iOS_1671776894873.jpg
?[31m ------------ >>>[ Test FAILED: participant_Auth_Mobile_Sign_In_Privacy_Policy_Link ]<<< ------------?[0m
2022-12-23 07:28:21.641  Information-->  Postcondition procedure for TC: participant_Auth_Mobile_Sign_In_Privacy_Policy_Link
2022-12-23 07:28:26.822  Action-->  Closing Current Tab
2022-12-23 07:28:26.940  Action-->  Switch to Original Tab: 692.1
2022-12-23 07:28:26.946  Waiting--> To be Visible element: "Sign in Page Title"
2022-12-23 07:28:27.169  Assert-->  Verification successful - element: "Sign in Page Title" is Present
2022-12-23 07:28:27.359  Information-->  One Tab is Present: 692.1
2022-12-23 07:28:28.079  Action-->  Scrolling down -Start:627px -End:8px
2022-12-23 07:28:28.080  Waiting--> To be Clickable element: "Terms and Conditions"
2022-12-23 07:28:28.581  Action-->  Click on element: "Terms and Conditions"
2022-12-23 07:28:28.582  Waiting--> For New Tab to be Visible element
2022-12-23 07:29:24.402 *Step FAILED-->*  {color:#FF0000}No New Tab - Expected condition failed: waiting for number of open windows to be 2 (tried for 55 second(s) with 500 milliseconds interval){color}
--- Test Case - participant_Auth_Mobile_Sign_In_Terms_And_Conditions_Link -- Finish --> {color:#FF0000}*FAILED*{color}  ---\n
\n --- *Test Environment* ---  \n \n" --- Test Device \nTest Execution video: [SauceLabs Execution Video|https://app.eu-central-1.saucelabs.com/tests/2c9985f0de6544c483992daa0a0b0a71?auth=4c1493c4707e5b43e1ff957e7a911a43]\nSuite name: eConsent - Participant - QA - iOS - 5.0.0 --> Test Set - Sign In\nPlatform: iOS\nOS version: 16.1.2\nDevice name: iPhone XR\n\n --- Test Application \n\nApp Name: Florence - eConsent\nEnvironment: QA\nApp Link: [https://us-participant-auth.se.qav2.researchbinders.com|https://us-participant-auth.se.qav2.researchbinders.com]\nApp Version: 5.0.0\nApp Revision: 6513ae3\nApp Health Check: OK
2022-12-23 07:29:25.714  Print Screen-->  Screenshot Taken
2022-12-23 07:29:25.715  Print Screen-->  Screenshot File Path: /Users/mile_ugarcina/IdeaProjects/eConsent_MobileTesting/screenshots/EC-2047_iOS_1671776964480.jpg
2022-12-23 07:29:26.489  Information-->  Xray Authentication Token API status: 200
2022-12-23 07:29:34.335  Information-->  Xray Set Test Result API status: 200
2022-12-23 07:29:34.337  Information-->  File Deleted: /Users/mile_ugarcina/IdeaProjects/eConsent_MobileTesting/screenshots/EC-2047_iOS_1671776964480.jpg
?[31m ------------ >>>[ Test FAILED: participant_Auth_Mobile_Sign_In_Terms_And_Conditions_Link ]<<< ------------?[0m
2022-12-23 07:29:34.341  Information-->  Postcondition procedure for TC: participant_Auth_Mobile_Sign_In_Terms_And_Conditions_Link
2022-12-23 07:29:39.556  Action-->  Closing Current Tab
2022-12-23 07:29:39.656  Action-->  Switch to Original Tab: 692.1
2022-12-23 07:29:39.661  Waiting--> To be Clickable element: "Forgot Password"
2022-12-23 07:29:40.477  Action-->  Click on element: "Forgot Password"
2022-12-23 07:29:40.477  Waiting--> To be Visible element: "Forgot Password Page Title"
2022-12-23 07:29:40.731  Assert-->  Verification successful - element: "Forgot Password Page Title" is Present
--- Test Case - participant_Auth_Mobile_Sign_In_Forgot_Password_Link -- Finish --> {color:#36b37e}*PASSED*{color} ---\n
\n --- *Test Environment* ---  \n \n" --- Test Device \nTest Execution video: [SauceLabs Execution Video|https://app.eu-central-1.saucelabs.com/tests/2c9985f0de6544c483992daa0a0b0a71?auth=4c1493c4707e5b43e1ff957e7a911a43]\nSuite name: eConsent - Participant - QA - iOS - 5.0.0 --> Test Set - Sign In\nPlatform: iOS\nOS version: 16.1.2\nDevice name: iPhone XR\n\n --- Test Application \n\nApp Name: Florence - eConsent\nEnvironment: QA\nApp Link: [https://us-participant-auth.se.qav2.researchbinders.com|https://us-participant-auth.se.qav2.researchbinders.com]\nApp Version: 5.0.0\nApp Revision: 6513ae3\nApp Health Check: OK
2022-12-23 07:29:41.533  Information-->  Xray Authentication Token API status: 200
2022-12-23 07:29:47.342  Information-->  Xray Set Test Result API status: 200
?[32m------------ >>>[ Test PASSED: participant_Auth_Mobile_Sign_In_Forgot_Password_Link ]<<< ------------?[0m
2022-12-23 07:29:47.347  Information-->  Postcondition procedure for TC: participant_Auth_Mobile_Sign_In_Forgot_Password_Link
2022-12-23 07:29:47.464  Action-->  Click on Back Button
2022-12-23 07:29:47.469  Information-->  Participant credentials --environment: QA --platform: iOS --Username: mobile.automation+active_ios@florencehc.com
2022-12-23 07:29:47.469  Waiting--> To be Clickable element: "Email Input Field"
2022-12-23 07:29:47.963  Action-->  Click on element: "Email Input Field"
2022-12-23 07:29:47.964  Waiting--> To be Clickable element: "Username Input Field"
2022-12-23 07:29:48.500  Action-->  Send Text:  "mobile.automation+active_ios@florencehc.com"  on element: "Username Input Field"
2022-12-23 07:29:48.500  Waiting--> To be Clickable element: "Forgot Password"
2022-12-23 07:29:49.221  Action-->  Click on element: "Forgot Password"
2022-12-23 07:29:49.221  Waiting--> To be Visible element: "Forgot Password Page Title"
2022-12-23 07:29:49.447  Assert-->  Verification successful - element: "Forgot Password Page Title" is Present
2022-12-23 07:29:49.448  Waiting--> To be Visible element: "Email Input Field"
2022-12-23 07:29:49.909  Assert-->  Verification successful. expected: mobile.automation+active_ios@florencehc.com == actual: mobile.automation+active_ios@florencehc.com
--- Test Case - participant_Auth_Mobile_Sign_In_Forgot_password_action_with_populated_Email_field -- Finish --> {color:#36b37e}*PASSED*{color} ---\n
\n --- *Test Environment* ---  \n \n" --- Test Device \nTest Execution video: [SauceLabs Execution Video|https://app.eu-central-1.saucelabs.com/tests/2c9985f0de6544c483992daa0a0b0a71?auth=4c1493c4707e5b43e1ff957e7a911a43]\nSuite name: eConsent - Participant - QA - iOS - 5.0.0 --> Test Set - Sign In\nPlatform: iOS\nOS version: 16.1.2\nDevice name: iPhone XR\n\n --- Test Application \n\nApp Name: Florence - eConsent\nEnvironment: QA\nApp Link: [https://us-participant-auth.se.qav2.researchbinders.com|https://us-participant-auth.se.qav2.researchbinders.com]\nApp Version: 5.0.0\nApp Revision: 6513ae3\nApp Health Check: OK
2022-12-23 07:29:50.755  Information-->  Xray Authentication Token API status: 200
2022-12-23 07:29:53.485  Information-->  Xray Set Test Result API status: 200
?[32m------------ >>>[ Test PASSED: participant_Auth_Mobile_Sign_In_Forgot_password_action_with_populated_Email_field ]<<< ------------?[0m
2022-12-23 07:29:53.488  Information-->  Postcondition procedure for TC: participant_Auth_Mobile_Sign_In_Forgot_password_action_with_populated_Email_field
2022-12-23 07:29:53.597  Action-->  Click on Back Button
2022-12-23 07:29:53.692  Action-->  Refresh Web Page
2022-12-23 07:29:54.704  Waiting--> To be Clickable element: "Username Input Field"
2022-12-23 07:29:55.861  Action-->  Send Text:  "mobile.automation+unactivated_android@florencehc.com"  on element: "Username Input Field"
2022-12-23 07:29:55.861  Waiting--> To be Clickable element: "Password Input Field"
2022-12-23 07:29:56.406  Action-->  Send Text:  "Unactivated123*"  on element: "Password Input Field"
2022-12-23 07:29:56.406  Waiting--> To be Clickable element: "Sign in Button"
2022-12-23 07:29:56.914  Action-->  Click on element: "Sign in Button"
2022-12-23 07:29:56.914  Waiting--> To be Visible element: "Toast Message"
2022-12-23 07:29:58.297  *Assert FAILED-->*  {color:#FF0000}Verification unsuccessful! expected: Email not confirmed != actual: Your email or password was incorrect. Please try again.{color}
--- Test Case - participant_Auth_Mobile_Sign_in_with_inactive_participant -- Finish --> {color:#FF0000}*FAILED*{color}  ---\n
\n --- *Test Environment* ---  \n \n" --- Test Device \nTest Execution video: [SauceLabs Execution Video|https://app.eu-central-1.saucelabs.com/tests/2c9985f0de6544c483992daa0a0b0a71?auth=4c1493c4707e5b43e1ff957e7a911a43]\nSuite name: eConsent - Participant - QA - iOS - 5.0.0 --> Test Set - Sign In\nPlatform: iOS\nOS version: 16.1.2\nDevice name: iPhone XR\n\n --- Test Application \n\nApp Name: Florence - eConsent\nEnvironment: QA\nApp Link: [https://us-participant-auth.se.qav2.researchbinders.com|https://us-participant-auth.se.qav2.researchbinders.com]\nApp Version: 5.0.0\nApp Revision: 6513ae3\nApp Health Check: OK
2022-12-23 07:29:59.419  Print Screen-->  Screenshot Taken
2022-12-23 07:29:59.419  Print Screen-->  Screenshot File Path: /Users/mile_ugarcina/IdeaProjects/eConsent_MobileTesting/screenshots/EC-2035_iOS_1671776998365.jpg
2022-12-23 07:30:00.159  Information-->  Xray Authentication Token API status: 200
2022-12-23 07:30:05.566  Information-->  Xray Set Test Result API status: 200
2022-12-23 07:30:05.568  Information-->  File Deleted: /Users/mile_ugarcina/IdeaProjects/eConsent_MobileTesting/screenshots/EC-2035_iOS_1671776998365.jpg
?[31m ------------ >>>[ Test FAILED: participant_Auth_Mobile_Sign_in_with_inactive_participant ]<<< ------------?[0m
2022-12-23 07:30:05.571  Information-->  Postcondition procedure for TC: participant_Auth_Mobile_Sign_in_with_inactive_participant
2022-12-23 07:30:05.710  Action-->  Refresh Web Page
2022-12-23 07:30:06.723  Waiting--> To be Clickable element: "Username Input Field"
2022-12-23 07:30:07.222  Action-->  Send Text:  "mobile.automation+unactivate_lar_android@florencehc.com"  on element: "Username Input Field"
2022-12-23 07:30:07.223  Waiting--> To be Clickable element: "Password Input Field"
2022-12-23 07:30:08.320  Action-->  Send Text:  "Password123*"  on element: "Password Input Field"
2022-12-23 07:30:08.321  Waiting--> To be Clickable element: "Sign in Button"
2022-12-23 07:30:08.970  Action-->  Click on element: "Sign in Button"
2022-12-23 07:30:08.970  Waiting--> To be Visible element: "Toast Message"
2022-12-23 07:30:10.043  *Assert FAILED-->*  {color:#FF0000}Verification unsuccessful! expected: Email not confirmed != actual: Your email or password was incorrect. Please try again.{color}
--- Test Case - participant_Auth_Mobile_Sign_in_with_inactive_Additional_Signer -- Finish --> {color:#FF0000}*FAILED*{color}  ---\n
\n --- *Test Environment* ---  \n \n" --- Test Device \nTest Execution video: [SauceLabs Execution Video|https://app.eu-central-1.saucelabs.com/tests/2c9985f0de6544c483992daa0a0b0a71?auth=4c1493c4707e5b43e1ff957e7a911a43]\nSuite name: eConsent - Participant - QA - iOS - 5.0.0 --> Test Set - Sign In\nPlatform: iOS\nOS version: 16.1.2\nDevice name: iPhone XR\n\n --- Test Application \n\nApp Name: Florence - eConsent\nEnvironment: QA\nApp Link: [https://us-participant-auth.se.qav2.researchbinders.com|https://us-participant-auth.se.qav2.researchbinders.com]\nApp Version: 5.0.0\nApp Revision: 6513ae3\nApp Health Check: OK
2022-12-23 07:30:10.979  Print Screen-->  Screenshot Taken
2022-12-23 07:30:10.980  Print Screen-->  Screenshot File Path: /Users/mile_ugarcina/IdeaProjects/eConsent_MobileTesting/screenshots/EC-4188_iOS_1671777010122.jpg
2022-12-23 07:30:11.713  Information-->  Xray Authentication Token API status: 200
2022-12-23 07:30:17.239  Information-->  Xray Set Test Result API status: 200
2022-12-23 07:30:17.240  Information-->  File Deleted: /Users/mile_ugarcina/IdeaProjects/eConsent_MobileTesting/screenshots/EC-4188_iOS_1671777010122.jpg
?[31m ------------ >>>[ Test FAILED: participant_Auth_Mobile_Sign_in_with_inactive_Additional_Signer ]<<< ------------?[0m
2022-12-23 07:30:17.241  Information-->  Postcondition procedure for TC: participant_Auth_Mobile_Sign_in_with_inactive_Additional_Signer
2022-12-23 07:30:17.365  Action-->  Refresh Web Page
2022-12-23 07:30:18.376  Information-->  Participant credentials --environment: QA --platform: iOS --Username: mobile.automation+active_ios@florencehc.com
2022-12-23 07:30:18.376  Information-->  Participant credentials --environment: QA --platform: iOS --Password: Password123*
2022-12-23 07:30:18.377  Information-->  Participant credentials --environment: QA --platform: iOS --First Name: Active
2022-12-23 07:30:18.377  Waiting--> To be Clickable element: "Username Input Field"
2022-12-23 07:30:18.890  Action-->  Send Text:  "mobile.automation+active_ios@florencehc.com"  on element: "Username Input Field"
2022-12-23 07:30:18.891  Waiting--> To be Clickable element: "Password Input Field"
2022-12-23 07:30:19.390  Action-->  Send Text:  "Password123*"  on element: "Password Input Field"
2022-12-23 07:30:19.390  Waiting--> To be Clickable element: "Sign in Button"
2022-12-23 07:30:19.834  Action-->  Click on element: "Sign in Button"
2022-12-23 07:30:19.835  Waiting--> To be Visible element: "Main Page Image"
2022-12-23 07:30:26.420  Assert-->  Verification successful - element: "Main Page Image" is Present
--- Test Case - participant_Auth_Mobile_Sign_in_with_participant -- Finish --> {color:#36b37e}*PASSED*{color} ---\n
\n --- *Test Environment* ---  \n \n" --- Test Device \nTest Execution video: [SauceLabs Execution Video|https://app.eu-central-1.saucelabs.com/tests/2c9985f0de6544c483992daa0a0b0a71?auth=4c1493c4707e5b43e1ff957e7a911a43]\nSuite name: eConsent - Participant - QA - iOS - 5.0.0 --> Test Set - Sign In\nPlatform: iOS\nOS version: 16.1.2\nDevice name: iPhone XR\n\n --- Test Application \n\nApp Name: Florence - eConsent\nEnvironment: QA\nApp Link: [https://us-participant-auth.se.qav2.researchbinders.com|https://us-participant-auth.se.qav2.researchbinders.com]\nApp Version: 5.0.0\nApp Revision: 6513ae3\nApp Health Check: OK
2022-12-23 07:30:27.199  Information-->  Xray Authentication Token API status: 200
2022-12-23 07:30:31.882  Information-->  Xray Set Test Result API status: 200
?[32m------------ >>>[ Test PASSED: participant_Auth_Mobile_Sign_in_with_participant ]<<< ------------?[0m
2022-12-23 07:30:31.884  Information-->  Postcondition procedure for TC: participant_Auth_Mobile_Sign_in_with_participant
2022-12-23 07:30:31.884  Waiting--> To be Clickable element: "Menu Button"
2022-12-23 07:30:32.970  Action-->  Click on element: "Menu Button"
2022-12-23 07:30:32.971  Waiting--> To be Clickable element: "Log Out Button"
2022-12-23 07:30:33.447  Action-->  Click on element: "Log Out Button"
2022-12-23 07:30:33.448  Waiting--> To be Visible element: "Sign in Page Title"
2022-12-23 07:30:35.802  Assert-->  Verification successful - element: "Sign in Page Title" is Present
2022-12-23 07:30:35.810  Waiting--> To be Clickable element: "Username Input Field"
2022-12-23 07:30:36.505  Action-->  Send Text:  "mobile.automation+lar_android@florencehc.com"  on element: "Username Input Field"
2022-12-23 07:30:36.505  Waiting--> To be Clickable element: "Password Input Field"
2022-12-23 07:30:37.210  Action-->  Send Text:  "Password123*"  on element: "Password Input Field"
2022-12-23 07:30:37.211  Waiting--> To be Clickable element: "Sign in Button"
2022-12-23 07:30:37.711  Action-->  Click on element: "Sign in Button"
2022-12-23 07:30:37.711  Waiting--> To be Visible element: "Main Page Image"
2022-12-23 07:30:41.675  Assert-->  Verification successful - element: "Main Page Image" is Present
2022-12-23 07:30:41.676  Waiting--> To be Visible element: "Welcome Message"
2022-12-23 07:30:43.439  Assert-->  Verification successful. expected: Active_LAR == actual: Welcome, Active_LAR! There are no studies that need your attention right now.
--- Test Case - participant_Auth_Mobile_Sign_In_Additional_Signer -- Finish --> {color:#36b37e}*PASSED*{color} ---\n
\n --- *Test Environment* ---  \n \n" --- Test Device \nTest Execution video: [SauceLabs Execution Video|https://app.eu-central-1.saucelabs.com/tests/2c9985f0de6544c483992daa0a0b0a71?auth=4c1493c4707e5b43e1ff957e7a911a43]\nSuite name: eConsent - Participant - QA - iOS - 5.0.0 --> Test Set - Sign In\nPlatform: iOS\nOS version: 16.1.2\nDevice name: iPhone XR\n\n --- Test Application \n\nApp Name: Florence - eConsent\nEnvironment: QA\nApp Link: [https://us-participant-auth.se.qav2.researchbinders.com|https://us-participant-auth.se.qav2.researchbinders.com]\nApp Version: 5.0.0\nApp Revision: 6513ae3\nApp Health Check: OK
2022-12-23 07:30:44.244  Information-->  Xray Authentication Token API status: 200
2022-12-23 07:30:48.935  Information-->  Xray Set Test Result API status: 200
?[32m------------ >>>[ Test PASSED: participant_Auth_Mobile_Sign_In_Additional_Signer ]<<< ------------?[0m
2022-12-23 07:30:48.946  Information-->  Postcondition procedure for TC: participant_Auth_Mobile_Sign_In_Additional_Signer
2022-12-23 07:30:48.946  Waiting--> To be Clickable element: "Menu Button"
2022-12-23 07:30:49.507  Action-->  Click on element: "Menu Button"
2022-12-23 07:30:49.507  Waiting--> To be Clickable element: "Log Out Button"
2022-12-23 07:30:49.994  Action-->  Click on element: "Log Out Button"
2022-12-23 07:30:49.994  Waiting--> To be Visible element: "Sign in Page Title"
2022-12-23 07:30:51.431  Assert-->  Verification successful - element: "Sign in Page Title" is Present
]]></system-out>
  <system-err><![CDATA[]]></system-err>
</testsuite>
