<?xml version="1.0" encoding="UTF-8"?>
<!-- Generated by org.testng.reporters.JUnitXMLReporter -->
<testsuite ignored="0" hostname="Miles-MacBook-Pro.local" failures="4" tests="14" name="Sign In" time="281.221" errors="0" timestamp="2022-12-23T07:30:52 CET">
  <testcase classname="testing.appium.eConsentTesting.Web.sign_In.Sign_In" name="participant_Auth_Mobile_Sign_in_with_incorrect_email" time="4.088"/>
  <testcase classname="testing.appium.eConsentTesting.Web.sign_In.Sign_In" name="Participant_Auth_Mobile_Sign_in_with_incorrect_password" time="5.482"/>
  <testcase classname="testing.appium.eConsentTesting.Web.sign_In.Sign_In" name="participant_Auth_Mobile_Sign_In_Fields_respond_with_valid_data" time="3.502"/>
  <testcase classname="testing.appium.eConsentTesting.Web.sign_In.Sign_In" name="participant_Auth_Mobile_Sign_In_Fields_respond_with_invalid_data" time="3.533"/>
  <testcase classname="testing.appium.eConsentTesting.Web.sign_In.Sign_In" name="participant_Auth_Mobile_Sign_In_Fields_respond_with_cleared_data" time="6.021"/>
  <testcase classname="testing.appium.eConsentTesting.Web.sign_In.Sign_In" name="participant_Auth_Mobile_Sign_In_Show_Password" time="2.634"/>
  <testcase classname="testing.appium.eConsentTesting.Web.sign_In.Sign_In" name="participant_Auth_Mobile_Sign_In_Privacy_Policy_Link" time="58.346">
    <failure type="java.lang.AssertionError" message="null">
      <![CDATA[java.lang.AssertionError: null
at testing.appium.helpers.TCLogger.LoggerStep_Failed(TCLogger.java:48)
at testing.appium.helpers.Utils.switchingTabs(Utils.java:325)
at testing.appium.eConsentTesting.Web.sign_In.Sign_In.participant_Auth_Mobile_Sign_In_Privacy_Policy_Link(Sign_In.java:285)
at java.base/java.util.ArrayList.forEach(ArrayList.java:1508)
at com.sun.proxy.$Proxy2.stop(Unknown Source)
at java.base/java.util.concurrent.ThreadPoolExecutor.runWorker(ThreadPoolExecutor.java:1128)
at java.base/java.util.concurrent.ThreadPoolExecutor$Worker.run(ThreadPoolExecutor.java:628)
at java.base/java.lang.Thread.run(Thread.java:830)
... Removed 51 stack frames]]>
    </failure>
  </testcase> <!-- participant_Auth_Mobile_Sign_In_Privacy_Policy_Link -->
  <testcase classname="testing.appium.eConsentTesting.Web.sign_In.Sign_In" name="participant_Auth_Mobile_Sign_In_Terms_And_Conditions_Link" time="57.459">
    <failure type="java.lang.AssertionError" message="null">
      <![CDATA[java.lang.AssertionError: null
at testing.appium.helpers.TCLogger.LoggerStep_Failed(TCLogger.java:48)
at testing.appium.helpers.Utils.switchingTabs(Utils.java:325)
at testing.appium.eConsentTesting.Web.sign_In.Sign_In.participant_Auth_Mobile_Sign_In_Terms_And_Conditions_Link(Sign_In.java:304)
at java.base/java.util.ArrayList.forEach(ArrayList.java:1508)
at com.sun.proxy.$Proxy2.stop(Unknown Source)
at java.base/java.util.concurrent.ThreadPoolExecutor.runWorker(ThreadPoolExecutor.java:1128)
at java.base/java.util.concurrent.ThreadPoolExecutor$Worker.run(ThreadPoolExecutor.java:628)
at java.base/java.lang.Thread.run(Thread.java:830)
... Removed 51 stack frames]]>
    </failure>
  </testcase> <!-- participant_Auth_Mobile_Sign_In_Terms_And_Conditions_Link -->
  <testcase classname="testing.appium.eConsentTesting.Web.sign_In.Sign_In" name="participant_Auth_Mobile_Sign_In_Forgot_Password_Link" time="1.074"/>
  <testcase classname="testing.appium.eConsentTesting.Web.sign_In.Sign_In" name="participant_Auth_Mobile_Sign_In_Forgot_password_action_with_populated_Email_field" time="2.443"/>
  <testcase classname="testing.appium.eConsentTesting.Web.sign_In.Sign_In" name="participant_Auth_Mobile_Sign_in_with_inactive_participant" time="3.598">
    <failure type="java.lang.AssertionError" message="null">
      <![CDATA[java.lang.AssertionError: null
at testing.appium.helpers.Utils.assert_getText_WebElement(Utils.java:167)
at testing.appium.pageObjects.eConsentTesting.WebApp.SignInPage.assert_toastMsg(SignInPage.java:96)
at testing.appium.eConsentTesting.Web.sign_In.Sign_In.participant_Auth_Mobile_Sign_in_with_inactive_participant(Sign_In.java:120)
at java.base/java.util.ArrayList.forEach(ArrayList.java:1508)
at com.sun.proxy.$Proxy2.stop(Unknown Source)
at java.base/java.util.concurrent.ThreadPoolExecutor.runWorker(ThreadPoolExecutor.java:1128)
at java.base/java.util.concurrent.ThreadPoolExecutor$Worker.run(ThreadPoolExecutor.java:628)
at java.base/java.lang.Thread.run(Thread.java:830)
... Removed 51 stack frames]]>
    </failure>
  </testcase> <!-- participant_Auth_Mobile_Sign_in_with_inactive_participant -->
  <testcase classname="testing.appium.eConsentTesting.Web.sign_In.Sign_In" name="participant_Auth_Mobile_Sign_in_with_inactive_Additional_Signer" time="3.325">
    <failure type="java.lang.AssertionError" message="null">
      <![CDATA[java.lang.AssertionError: null
at testing.appium.helpers.Utils.assert_getText_WebElement(Utils.java:167)
at testing.appium.pageObjects.eConsentTesting.WebApp.SignInPage.assert_toastMsg(SignInPage.java:96)
at testing.appium.eConsentTesting.Web.sign_In.Sign_In.participant_Auth_Mobile_Sign_in_with_inactive_Additional_Signer(Sign_In.java:138)
at java.base/java.util.ArrayList.forEach(ArrayList.java:1508)
at com.sun.proxy.$Proxy2.stop(Unknown Source)
at java.base/java.util.concurrent.ThreadPoolExecutor.runWorker(ThreadPoolExecutor.java:1128)
at java.base/java.util.concurrent.ThreadPoolExecutor$Worker.run(ThreadPoolExecutor.java:628)
at java.base/java.lang.Thread.run(Thread.java:830)
... Removed 51 stack frames]]>
    </failure>
  </testcase> <!-- participant_Auth_Mobile_Sign_in_with_inactive_Additional_Signer -->
  <testcase classname="testing.appium.eConsentTesting.Web.sign_In.Sign_In" name="participant_Auth_Mobile_Sign_in_with_participant" time="8.048"/>
  <testcase classname="testing.appium.eConsentTesting.Web.sign_In.Sign_In" name="participant_Auth_Mobile_Sign_In_Additional_Signer" time="7.635"/>
</testsuite> <!-- Sign In -->
